<?xml version="1.0" encoding="UTF-8"?>
<testng-results ignored="0" total="3" passed="3" failed="0" skipped="0">
  <reporter-output>
  </reporter-output>
  <suite started-at="2021-03-16T19:34:08 EDT" name="Suite" finished-at="2021-03-16T19:34:20 EDT" duration-ms="11756">
    <groups>
    </groups>
    <test started-at="2021-03-16T19:34:08 EDT" name="Test" finished-at="2021-03-16T19:34:20 EDT" duration-ms="11756">
      <class name="com.webappsecurity.zero.testscripts.VerifyValidLoginTest">
        <test-method is-config="true" signature="openapplication()[pri:0, instance:com.webappsecurity.zero.testscripts.VerifyValidLoginTest@2e1d27ba]" started-at="2021-03-16T19:34:08 EDT" name="openapplication" finished-at="2021-03-16T19:34:12 EDT" duration-ms="3193" status="PASS">
          <reporter-output>
          </reporter-output>
        </test-method> <!-- openapplication -->
        <test-method signature="verifylogin()[pri:0, instance:com.webappsecurity.zero.testscripts.VerifyValidLoginTest@2e1d27ba]" started-at="2021-03-16T19:34:12 EDT" name="verifylogin" finished-at="2021-03-16T19:34:13 EDT" duration-ms="925" status="PASS">
          <reporter-output>
          </reporter-output>
        </test-method> <!-- verifylogin -->
        <test-method is-config="true" signature="closingapplication()[pri:0, instance:com.webappsecurity.zero.testscripts.VerifyValidLoginTest@2e1d27ba]" started-at="2021-03-16T19:34:13 EDT" name="closingapplication" finished-at="2021-03-16T19:34:13 EDT" duration-ms="63" status="PASS">
          <reporter-output>
          </reporter-output>
        </test-method> <!-- closingapplication -->
      </class> <!-- com.webappsecurity.zero.testscripts.VerifyValidLoginTest -->
      <class name="com.webappsecurity.zero.testscripts.VerifyFundTransferTest">
        <test-method is-config="true" signature="openapplication()[pri:0, instance:com.webappsecurity.zero.testscripts.VerifyFundTransferTest@2525ff7e]" started-at="2021-03-16T19:34:15 EDT" name="openapplication" finished-at="2021-03-16T19:34:18 EDT" duration-ms="2984" status="PASS">
          <reporter-output>
          </reporter-output>
        </test-method> <!-- openapplication -->
        <test-method signature="VerifyFundTransfer()[pri:0, instance:com.webappsecurity.zero.testscripts.VerifyFundTransferTest@2525ff7e]" started-at="2021-03-16T19:34:18 EDT" name="VerifyFundTransfer" finished-at="2021-03-16T19:34:20 EDT" duration-ms="1649" status="PASS">
          <reporter-output>
          </reporter-output>
        </test-method> <!-- VerifyFundTransfer -->
        <test-method is-config="true" signature="closingapplication()[pri:0, instance:com.webappsecurity.zero.testscripts.VerifyFundTransferTest@2525ff7e]" started-at="2021-03-16T19:34:20 EDT" name="closingapplication" finished-at="2021-03-16T19:34:20 EDT" duration-ms="70" status="PASS">
          <reporter-output>
          </reporter-output>
        </test-method> <!-- closingapplication -->
      </class> <!-- com.webappsecurity.zero.testscripts.VerifyFundTransferTest -->
      <class name="com.webappsecurity.zero.testscripts.VerifyInvalidLoginTest">
        <test-method is-config="true" signature="openapplication()[pri:0, instance:com.webappsecurity.zero.testscripts.VerifyInvalidLoginTest@61d6015a]" started-at="2021-03-16T19:34:13 EDT" name="openapplication" finished-at="2021-03-16T19:34:15 EDT" duration-ms="2462" status="PASS">
          <reporter-output>
          </reporter-output>
        </test-method> <!-- openapplication -->
        <test-method signature="verifylogin()[pri:0, instance:com.webappsecurity.zero.testscripts.VerifyInvalidLoginTest@61d6015a]" started-at="2021-03-16T19:34:15 EDT" name="verifylogin" finished-at="2021-03-16T19:34:15 EDT" duration-ms="321" status="PASS">
          <reporter-output>
          </reporter-output>
        </test-method> <!-- verifylogin -->
        <test-method is-config="true" signature="closingapplication()[pri:0, instance:com.webappsecurity.zero.testscripts.VerifyInvalidLoginTest@61d6015a]" started-at="2021-03-16T19:34:15 EDT" name="closingapplication" finished-at="2021-03-16T19:34:15 EDT" duration-ms="58" status="PASS">
          <reporter-output>
          </reporter-output>
        </test-method> <!-- closingapplication -->
      </class> <!-- com.webappsecurity.zero.testscripts.VerifyInvalidLoginTest -->
    </test> <!-- Test -->
  </suite> <!-- Suite -->
</testng-results>
