<?xml version="1.0" encoding="UTF-8"?>
<!-- Generated by org.testng.reporters.JUnitXMLReporter -->
<testsuite ignored="0" hostname="DESKTOP-609BUQK" failures="0" tests="3" name="Test" time="11.756" errors="0" timestamp="2021-03-16T19:34:20 EDT">
  <testcase classname="com.webappsecurity.zero.testscripts.VerifyValidLoginTest" name="verifylogin" time="0.925"/>
  <testcase classname="com.webappsecurity.zero.testscripts.VerifyInvalidLoginTest" name="verifylogin" time="0.321"/>
  <testcase classname="com.webappsecurity.zero.testscripts.VerifyFundTransferTest" name="VerifyFundTransfer" time="1.649"/>
</testsuite> <!-- Test -->
